<?xml version="1.0" encoding="UTF-8"?>
<!-- Generated by org.testng.reporters.JUnitReportReporter -->
<testsuite hostname="ameensha" failures="0" tests="4" name="test_package.test" time="2.591" errors="0" timestamp="2020-06-15T14:13:22 EDT" skipped="0">
  <testcase classname="test_package.test" name="signon" time="0.956"/>
  <system-out/>
  <testcase classname="test_package.test" name="register" time="0.413"/>
  <system-out/>
  <testcase classname="test_package.test" name="emaill" time="1.164"/>
  <system-out/>
  <testcase classname="test_package.test" name="contact" time="0.058"/>
  <system-out/>
</testsuite> <!-- test_package.test -->
